<?xml version="1.0" encoding="UTF-8"?>
<!-- Generated by org.testng.reporters.JUnitReportReporter -->
<testsuite hostname="agentQ" failures="0" tests="5" name="com.apsrtc.qa.apsrtc.test.SearchBusTest" time="37.698" errors="0" timestamp="13 Dec 2018 03:40:33 GMT">
  <testcase classname="com.apsrtc.qa.apsrtc.test.SearchBusTest" name="searchBustest" time="7.128"/>
  <testcase classname="com.apsrtc.qa.apsrtc.test.SearchBusTest" name="searchBustest" time="7.575"/>
  <testcase classname="com.apsrtc.qa.apsrtc.test.SearchBusTest" name="searchBustest" time="7.361"/>
  <testcase classname="com.apsrtc.qa.apsrtc.test.SearchBusTest" name="searchBustest" time="8.861"/>
  <testcase classname="com.apsrtc.qa.apsrtc.test.SearchBusTest" name="searchBustest" time="6.773"/>
</testsuite> <!-- com.apsrtc.qa.apsrtc.test.SearchBusTest -->
